Determining if the pthread_create exist failed with the following output:
Change Dir: /home/kkraman/rio_ws/build/tf2_eigen/CMakeFiles/CMakeTmp

Run Build Command:"/usr/bin/make" "cmTC_0a21e/fast"
/usr/bin/make -f CMakeFiles/cmTC_0a21e.dir/build.make CMakeFiles/cmTC_0a21e.dir/build
make[1]: Entering directory '/home/kkraman/rio_ws/build/tf2_eigen/CMakeFiles/CMakeTmp'
Building C object CMakeFiles/cmTC_0a21e.dir/CheckSymbolExists.c.o
/usr/bin/cc    -o CMakeFiles/cmTC_0a21e.dir/CheckSymbolExists.c.o   -c /home/kkraman/rio_ws/build/tf2_eigen/CMakeFiles/CMakeTmp/CheckSymbolExists.c
Linking C executable cmTC_0a21e
/usr/bin/cmake -E cmake_link_script CMakeFiles/cmTC_0a21e.dir/link.txt --verbose=1
/usr/bin/cc      -rdynamic CMakeFiles/cmTC_0a21e.dir/CheckSymbolExists.c.o  -o cmTC_0a21e 
CMakeFiles/cmTC_0a21e.dir/CheckSymbolExists.c.o: In function `main':
CheckSymbolExists.c:(.text+0x1b): undefined reference to `pthread_create'
collect2: error: ld returned 1 exit status
CMakeFiles/cmTC_0a21e.dir/build.make:97: recipe for target 'cmTC_0a21e' failed
make[1]: *** [cmTC_0a21e] Error 1
make[1]: Leaving directory '/home/kkraman/rio_ws/build/tf2_eigen/CMakeFiles/CMakeTmp'
Makefile:126: recipe for target 'cmTC_0a21e/fast' failed
make: *** [cmTC_0a21e/fast] Error 2

File /home/kkraman/rio_ws/build/tf2_eigen/CMakeFiles/CMakeTmp/CheckSymbolExists.c:
/* */
#include <pthread.h>

int main(int argc, char** argv)
{
  (void)argv;
#ifndef pthread_create
  return ((int*)(&pthread_create))[argc];
#else
  (void)argc;
  return 0;
#endif
}

Determining if the function pthread_create exists in the pthreads failed with the following output:
Change Dir: /home/kkraman/rio_ws/build/tf2_eigen/CMakeFiles/CMakeTmp

Run Build Command:"/usr/bin/make" "cmTC_a564c/fast"
/usr/bin/make -f CMakeFiles/cmTC_a564c.dir/build.make CMakeFiles/cmTC_a564c.dir/build
make[1]: Entering directory '/home/kkraman/rio_ws/build/tf2_eigen/CMakeFiles/CMakeTmp'
Building C object CMakeFiles/cmTC_a564c.dir/CheckFunctionExists.c.o
/usr/bin/cc   -DCHECK_FUNCTION_EXISTS=pthread_create   -o CMakeFiles/cmTC_a564c.dir/CheckFunctionExists.c.o   -c /usr/share/cmake-3.10/Modules/CheckFunctionExists.c
Linking C executable cmTC_a564c
/usr/bin/cmake -E cmake_link_script CMakeFiles/cmTC_a564c.dir/link.txt --verbose=1
/usr/bin/cc  -DCHECK_FUNCTION_EXISTS=pthread_create    -rdynamic CMakeFiles/cmTC_a564c.dir/CheckFunctionExists.c.o  -o cmTC_a564c -lpthreads 
/usr/bin/ld: cannot find -lpthreads
collect2: error: ld returned 1 exit status
CMakeFiles/cmTC_a564c.dir/build.make:97: recipe for target 'cmTC_a564c' failed
make[1]: *** [cmTC_a564c] Error 1
make[1]: Leaving directory '/home/kkraman/rio_ws/build/tf2_eigen/CMakeFiles/CMakeTmp'
Makefile:126: recipe for target 'cmTC_a564c/fast' failed
make: *** [cmTC_a564c/fast] Error 2


