Not searching for unused variables given on the command line.
[36m--[0m The C compiler identification is GNU 7.5.0
[36m--[0m The CXX compiler identification is GNU 7.5.0
[36m--[0m Check for working C compiler: /usr/bin/cc
[36m--[0m Check for working C compiler: /usr/bin/cc -- works
[36m--[0m Detecting C compiler ABI info
[36m--[0m Detecting C compiler ABI info - done
[36m--[0m Detecting C compile features
[36m--[0m Detecting C compile features - done
[36m--[0m Check for working CXX compiler: /usr/bin/c++
[36m--[0m Check for working CXX compiler: /usr/bin/c++ -- works
[36m--[0m Detecting CXX compiler ABI info
[36m--[0m Detecting CXX compiler ABI info - done
[36m--[0m Detecting CXX compile features
[36m--[0m Detecting CXX compile features - done
[36m--[0m Using CATKIN_DEVEL_PREFIX: /home/kkraman/rio_ws/devel/.private/frontier_exploration
[36m--[0m Using CMAKE_PREFIX_PATH: /home/kkraman/rio_ws/devel;/home/kkraman/amul_ws/devel;/home/kkraman/catkin_ws/devel;/opt/ros/melodic
[36m--[0m This workspace overlays: /home/kkraman/rio_ws/devel;/home/kkraman/amul_ws/devel;/home/kkraman/catkin_ws/devel;/opt/ros/melodic
[36m--[0m Found PythonInterp: /usr/bin/python2 (found suitable version "2.7.17", minimum required is "2")
[36m--[0m Using PYTHON_EXECUTABLE: /usr/bin/python2
[36m--[0m Using Debian Python package layout
[36m--[0m Using empy: /usr/bin/empy
[36m--[0m Using CATKIN_ENABLE_TESTING: ON
[36m--[0m Call enable_testing()
[36m--[0m Using CATKIN_TEST_RESULTS_DIR: /home/kkraman/rio_ws/build/frontier_exploration/test_results
[36m--[0m Found gtest sources under '/usr/src/googletest': gtests will be built
[36m--[0m Found gmock sources under '/usr/src/googletest': gmock will be built
[36m--[0m Found PythonInterp: /usr/bin/python2 (found version "2.7.17")
[36m--[0m Looking for pthread.h
[36m--[0m Looking for pthread.h - found
[36m--[0m Looking for pthread_create
[36m--[0m Looking for pthread_create - not found
[36m--[0m Looking for pthread_create in pthreads
[36m--[0m Looking for pthread_create in pthreads - not found
[36m--[0m Looking for pthread_create in pthread
[36m--[0m Looking for pthread_create in pthread - found
[36m--[0m Found Threads: TRUE
[36m--[0m Using Python nosetests: /usr/bin/nosetests-2.7
[36m--[0m catkin 0.7.29
[36m--[0m BUILD_SHARED_LIBS is on
[36m--[0m Using these message generators: gencpp;geneus;genlisp;gennodejs;genpy
[36m--[0m Boost version: 1.65.1
[36m--[0m Checking for module 'eigen3'
[36m--[0m   Found eigen3, version 3.3.4
[36m--[0m Found eigen: /usr/include/eigen3
[36m--[0m Boost version: 1.65.1
[36m--[0m Found the following Boost libraries:
[36m--[0m   system
[36m--[0m   filesystem
[36m--[0m   thread
[36m--[0m   date_time
[36m--[0m   iostreams
[36m--[0m   serialization
[36m--[0m   chrono
[36m--[0m   atomic
[36m--[0m   regex
[36m--[0m looking for PCL_COMMON
[36m--[0m Found PCL_COMMON: /usr/lib/x86_64-linux-gnu/libpcl_common.so
[36m--[0m Found PCL: /usr/lib/x86_64-linux-gnu/libboost_system.so;/usr/lib/x86_64-linux-gnu/libboost_filesystem.so;/usr/lib/x86_64-linux-gnu/libboost_thread.so;/usr/lib/x86_64-linux-gnu/libboost_date_time.so;/usr/lib/x86_64-linux-gnu/libboost_iostreams.so;/usr/lib/x86_64-linux-gnu/libboost_serialization.so;/usr/lib/x86_64-linux-gnu/libboost_chrono.so;/usr/lib/x86_64-linux-gnu/libboost_atomic.so;/usr/lib/x86_64-linux-gnu/libboost_regex.so;/usr/lib/x86_64-linux-gnu/libpthread.so;optimized;/usr/lib/x86_64-linux-gnu/libpcl_common.so;debug;/usr/lib/x86_64-linux-gnu/libpcl_common.so;/usr/lib/x86_64-linux-gnu/libboost_system.so;/usr/lib/x86_64-linux-gnu/libboost_filesystem.so;/usr/lib/x86_64-linux-gnu/libboost_thread.so;/usr/lib/x86_64-linux-gnu/libboost_date_time.so;/usr/lib/x86_64-linux-gnu/libboost_iostreams.so;/usr/lib/x86_64-linux-gnu/libboost_serialization.so;/usr/lib/x86_64-linux-gnu/libboost_chrono.so;/usr/lib/x86_64-linux-gnu/libboost_atomic.so;/usr/lib/x86_64-linux-gnu/libboost_regex.so;/usr/lib/x86_64-linux-gnu/libpthread.so
[36m--[0m Generating .msg files for action frontier_exploration/ExploreTask /home/kkraman/rio_ws/src/navigation-melodic-devel/frontier_exploration/frontier_exploration/action/ExploreTask.action
Generating for action ExploreTask
[36m--[0m frontier_exploration: 8 messages, 0 services
[33m[1mCMake Warning[0m at /home/kkraman/rio_ws/src/navigation-melodic-devel/frontier_exploration/frontier_exploration/CMakeLists.txt:65 (find_package):
  By not providing "Findgtest.cmake" in CMAKE_MODULE_PATH this project has
  asked CMake to find a package configuration file provided by "gtest", but
  CMake did not find one.

  Could not find a package configuration file provided by "gtest" with any of
  the following names:

    gtestConfig.cmake
    gtest-config.cmake

  Add the installation prefix of "gtest" to CMAKE_PREFIX_PATH or set
  "gtest_DIR" to a directory containing one of the above files.  If "gtest"
  provides a separate development package or SDK, be sure it has been
  installed.


[36m--[0m Configuring done
[36m--[0m Generating done
[36m--[0m Build files have been written to: /home/kkraman/rio_ws/build/frontier_exploration
