[  0%] Built target _exploration_msgs_generate_messages_check_deps_ExploreAction
[  0%] Built target _exploration_msgs_generate_messages_check_deps_ExploreFeedback
[  0%] Built target actionlib_msgs_generate_messages_lisp
[  0%] Built target geometry_msgs_generate_messages_lisp
[  0%] Built target _exploration_msgs_generate_messages_check_deps_ExploreActionFeedback
[  0%] Built target _exploration_msgs_generate_messages_check_deps_ExploreResult
[  0%] Built target _exploration_msgs_generate_messages_check_deps_ExploreActionGoal
[  0%] Built target _exploration_msgs_generate_messages_check_deps_SetPolygon
[  0%] Built target _exploration_msgs_generate_messages_check_deps_ExploreActionResult
[  0%] Built target actionlib_msgs_generate_messages_py
[  0%] Built target _exploration_msgs_generate_messages_check_deps_ExploreGoal
[  0%] Built target geometry_msgs_generate_messages_py
[  0%] Built target actionlib_msgs_generate_messages_nodejs
[  0%] Built target geometry_msgs_generate_messages_nodejs
[  0%] Built target actionlib_msgs_generate_messages_eus
[  0%] Built target geometry_msgs_generate_messages_eus
[  0%] Built target actionlib_msgs_generate_messages_cpp
[  0%] Built target geometry_msgs_generate_messages_cpp
[ 18%] Built target exploration_msgs_generate_messages_lisp
[ 41%] Built target exploration_msgs_generate_messages_py
[ 60%] Built target exploration_msgs_generate_messages_nodejs
[ 81%] Built target exploration_msgs_generate_messages_eus
[100%] Built target exploration_msgs_generate_messages_cpp
[100%] Built target exploration_msgs_generate_messages
