Determining if the pthread_create exist failed with the following output:
Change Dir: /home/kkraman/rio_ws/build/rtioms_recovery_behaviors/CMakeFiles/CMakeTmp

Run Build Command:"/usr/bin/make" "cmTC_99ecb/fast"
/usr/bin/make -f CMakeFiles/cmTC_99ecb.dir/build.make CMakeFiles/cmTC_99ecb.dir/build
make[1]: Entering directory '/home/kkraman/rio_ws/build/rtioms_recovery_behaviors/CMakeFiles/CMakeTmp'
Building C object CMakeFiles/cmTC_99ecb.dir/CheckSymbolExists.c.o
/usr/bin/cc    -o CMakeFiles/cmTC_99ecb.dir/CheckSymbolExists.c.o   -c /home/kkraman/rio_ws/build/rtioms_recovery_behaviors/CMakeFiles/CMakeTmp/CheckSymbolExists.c
Linking C executable cmTC_99ecb
/usr/bin/cmake -E cmake_link_script CMakeFiles/cmTC_99ecb.dir/link.txt --verbose=1
/usr/bin/cc      -rdynamic CMakeFiles/cmTC_99ecb.dir/CheckSymbolExists.c.o  -o cmTC_99ecb 
CMakeFiles/cmTC_99ecb.dir/CheckSymbolExists.c.o: In function `main':
CheckSymbolExists.c:(.text+0x1b): undefined reference to `pthread_create'
collect2: error: ld returned 1 exit status
CMakeFiles/cmTC_99ecb.dir/build.make:97: recipe for target 'cmTC_99ecb' failed
make[1]: *** [cmTC_99ecb] Error 1
make[1]: Leaving directory '/home/kkraman/rio_ws/build/rtioms_recovery_behaviors/CMakeFiles/CMakeTmp'
Makefile:126: recipe for target 'cmTC_99ecb/fast' failed
make: *** [cmTC_99ecb/fast] Error 2

File /home/kkraman/rio_ws/build/rtioms_recovery_behaviors/CMakeFiles/CMakeTmp/CheckSymbolExists.c:
/* */
#include <pthread.h>

int main(int argc, char** argv)
{
  (void)argv;
#ifndef pthread_create
  return ((int*)(&pthread_create))[argc];
#else
  (void)argc;
  return 0;
#endif
}

Determining if the function pthread_create exists in the pthreads failed with the following output:
Change Dir: /home/kkraman/rio_ws/build/rtioms_recovery_behaviors/CMakeFiles/CMakeTmp

Run Build Command:"/usr/bin/make" "cmTC_c007e/fast"
/usr/bin/make -f CMakeFiles/cmTC_c007e.dir/build.make CMakeFiles/cmTC_c007e.dir/build
make[1]: Entering directory '/home/kkraman/rio_ws/build/rtioms_recovery_behaviors/CMakeFiles/CMakeTmp'
Building C object CMakeFiles/cmTC_c007e.dir/CheckFunctionExists.c.o
/usr/bin/cc   -DCHECK_FUNCTION_EXISTS=pthread_create   -o CMakeFiles/cmTC_c007e.dir/CheckFunctionExists.c.o   -c /usr/share/cmake-3.10/Modules/CheckFunctionExists.c
Linking C executable cmTC_c007e
/usr/bin/cmake -E cmake_link_script CMakeFiles/cmTC_c007e.dir/link.txt --verbose=1
/usr/bin/cc  -DCHECK_FUNCTION_EXISTS=pthread_create    -rdynamic CMakeFiles/cmTC_c007e.dir/CheckFunctionExists.c.o  -o cmTC_c007e -lpthreads 
/usr/bin/ld: cannot find -lpthreads
collect2: error: ld returned 1 exit status
CMakeFiles/cmTC_c007e.dir/build.make:97: recipe for target 'cmTC_c007e' failed
make[1]: *** [cmTC_c007e] Error 1
make[1]: Leaving directory '/home/kkraman/rio_ws/build/rtioms_recovery_behaviors/CMakeFiles/CMakeTmp'
Makefile:126: recipe for target 'cmTC_c007e/fast' failed
make: *** [cmTC_c007e/fast] Error 2


