Determining if the pthread_create exist failed with the following output:
Change Dir: /home/kkraman/rio_ws/build/robot_pose_ekf/CMakeFiles/CMakeTmp

Run Build Command:"/usr/bin/make" "cmTC_b3537/fast"
/usr/bin/make -f CMakeFiles/cmTC_b3537.dir/build.make CMakeFiles/cmTC_b3537.dir/build
make[1]: Entering directory '/home/kkraman/rio_ws/build/robot_pose_ekf/CMakeFiles/CMakeTmp'
Building C object CMakeFiles/cmTC_b3537.dir/CheckSymbolExists.c.o
/usr/bin/cc    -o CMakeFiles/cmTC_b3537.dir/CheckSymbolExists.c.o   -c /home/kkraman/rio_ws/build/robot_pose_ekf/CMakeFiles/CMakeTmp/CheckSymbolExists.c
Linking C executable cmTC_b3537
/usr/bin/cmake -E cmake_link_script CMakeFiles/cmTC_b3537.dir/link.txt --verbose=1
/usr/bin/cc      -rdynamic CMakeFiles/cmTC_b3537.dir/CheckSymbolExists.c.o  -o cmTC_b3537 
CMakeFiles/cmTC_b3537.dir/CheckSymbolExists.c.o: In function `main':
CheckSymbolExists.c:(.text+0x1b): undefined reference to `pthread_create'
collect2: error: ld returned 1 exit status
CMakeFiles/cmTC_b3537.dir/build.make:97: recipe for target 'cmTC_b3537' failed
make[1]: *** [cmTC_b3537] Error 1
make[1]: Leaving directory '/home/kkraman/rio_ws/build/robot_pose_ekf/CMakeFiles/CMakeTmp'
Makefile:126: recipe for target 'cmTC_b3537/fast' failed
make: *** [cmTC_b3537/fast] Error 2

File /home/kkraman/rio_ws/build/robot_pose_ekf/CMakeFiles/CMakeTmp/CheckSymbolExists.c:
/* */
#include <pthread.h>

int main(int argc, char** argv)
{
  (void)argv;
#ifndef pthread_create
  return ((int*)(&pthread_create))[argc];
#else
  (void)argc;
  return 0;
#endif
}

Determining if the function pthread_create exists in the pthreads failed with the following output:
Change Dir: /home/kkraman/rio_ws/build/robot_pose_ekf/CMakeFiles/CMakeTmp

Run Build Command:"/usr/bin/make" "cmTC_6cfae/fast"
/usr/bin/make -f CMakeFiles/cmTC_6cfae.dir/build.make CMakeFiles/cmTC_6cfae.dir/build
make[1]: Entering directory '/home/kkraman/rio_ws/build/robot_pose_ekf/CMakeFiles/CMakeTmp'
Building C object CMakeFiles/cmTC_6cfae.dir/CheckFunctionExists.c.o
/usr/bin/cc   -DCHECK_FUNCTION_EXISTS=pthread_create   -o CMakeFiles/cmTC_6cfae.dir/CheckFunctionExists.c.o   -c /usr/share/cmake-3.10/Modules/CheckFunctionExists.c
Linking C executable cmTC_6cfae
/usr/bin/cmake -E cmake_link_script CMakeFiles/cmTC_6cfae.dir/link.txt --verbose=1
/usr/bin/cc  -DCHECK_FUNCTION_EXISTS=pthread_create    -rdynamic CMakeFiles/cmTC_6cfae.dir/CheckFunctionExists.c.o  -o cmTC_6cfae -lpthreads 
/usr/bin/ld: cannot find -lpthreads
collect2: error: ld returned 1 exit status
CMakeFiles/cmTC_6cfae.dir/build.make:97: recipe for target 'cmTC_6cfae' failed
make[1]: *** [cmTC_6cfae] Error 1
make[1]: Leaving directory '/home/kkraman/rio_ws/build/robot_pose_ekf/CMakeFiles/CMakeTmp'
Makefile:126: recipe for target 'cmTC_6cfae/fast' failed
make: *** [cmTC_6cfae/fast] Error 2


