Determining if the pthread_create exist failed with the following output:
Change Dir: /home/kkraman/rio_ws/build/tf2_bullet/CMakeFiles/CMakeTmp

Run Build Command:"/usr/bin/make" "cmTC_7c7ba/fast"
/usr/bin/make -f CMakeFiles/cmTC_7c7ba.dir/build.make CMakeFiles/cmTC_7c7ba.dir/build
make[1]: Entering directory '/home/kkraman/rio_ws/build/tf2_bullet/CMakeFiles/CMakeTmp'
Building C object CMakeFiles/cmTC_7c7ba.dir/CheckSymbolExists.c.o
/usr/bin/cc    -o CMakeFiles/cmTC_7c7ba.dir/CheckSymbolExists.c.o   -c /home/kkraman/rio_ws/build/tf2_bullet/CMakeFiles/CMakeTmp/CheckSymbolExists.c
Linking C executable cmTC_7c7ba
/usr/bin/cmake -E cmake_link_script CMakeFiles/cmTC_7c7ba.dir/link.txt --verbose=1
/usr/bin/cc      -rdynamic CMakeFiles/cmTC_7c7ba.dir/CheckSymbolExists.c.o  -o cmTC_7c7ba 
CMakeFiles/cmTC_7c7ba.dir/CheckSymbolExists.c.o: In function `main':
CheckSymbolExists.c:(.text+0x1b): undefined reference to `pthread_create'
collect2: error: ld returned 1 exit status
CMakeFiles/cmTC_7c7ba.dir/build.make:97: recipe for target 'cmTC_7c7ba' failed
make[1]: *** [cmTC_7c7ba] Error 1
make[1]: Leaving directory '/home/kkraman/rio_ws/build/tf2_bullet/CMakeFiles/CMakeTmp'
Makefile:126: recipe for target 'cmTC_7c7ba/fast' failed
make: *** [cmTC_7c7ba/fast] Error 2

File /home/kkraman/rio_ws/build/tf2_bullet/CMakeFiles/CMakeTmp/CheckSymbolExists.c:
/* */
#include <pthread.h>

int main(int argc, char** argv)
{
  (void)argv;
#ifndef pthread_create
  return ((int*)(&pthread_create))[argc];
#else
  (void)argc;
  return 0;
#endif
}

Determining if the function pthread_create exists in the pthreads failed with the following output:
Change Dir: /home/kkraman/rio_ws/build/tf2_bullet/CMakeFiles/CMakeTmp

Run Build Command:"/usr/bin/make" "cmTC_26302/fast"
/usr/bin/make -f CMakeFiles/cmTC_26302.dir/build.make CMakeFiles/cmTC_26302.dir/build
make[1]: Entering directory '/home/kkraman/rio_ws/build/tf2_bullet/CMakeFiles/CMakeTmp'
Building C object CMakeFiles/cmTC_26302.dir/CheckFunctionExists.c.o
/usr/bin/cc   -DCHECK_FUNCTION_EXISTS=pthread_create   -o CMakeFiles/cmTC_26302.dir/CheckFunctionExists.c.o   -c /usr/share/cmake-3.10/Modules/CheckFunctionExists.c
Linking C executable cmTC_26302
/usr/bin/cmake -E cmake_link_script CMakeFiles/cmTC_26302.dir/link.txt --verbose=1
/usr/bin/cc  -DCHECK_FUNCTION_EXISTS=pthread_create    -rdynamic CMakeFiles/cmTC_26302.dir/CheckFunctionExists.c.o  -o cmTC_26302 -lpthreads 
/usr/bin/ld: cannot find -lpthreads
collect2: error: ld returned 1 exit status
CMakeFiles/cmTC_26302.dir/build.make:97: recipe for target 'cmTC_26302' failed
make[1]: *** [cmTC_26302] Error 1
make[1]: Leaving directory '/home/kkraman/rio_ws/build/tf2_bullet/CMakeFiles/CMakeTmp'
Makefile:126: recipe for target 'cmTC_26302/fast' failed
make: *** [cmTC_26302/fast] Error 2


