Determining if the pthread_create exist failed with the following output:
Change Dir: /home/kkraman/rio_ws/build/tf2_geometry_msgs/CMakeFiles/CMakeTmp

Run Build Command:"/usr/bin/make" "cmTC_f9ca2/fast"
/usr/bin/make -f CMakeFiles/cmTC_f9ca2.dir/build.make CMakeFiles/cmTC_f9ca2.dir/build
make[1]: Entering directory '/home/kkraman/rio_ws/build/tf2_geometry_msgs/CMakeFiles/CMakeTmp'
Building C object CMakeFiles/cmTC_f9ca2.dir/CheckSymbolExists.c.o
/usr/bin/cc    -o CMakeFiles/cmTC_f9ca2.dir/CheckSymbolExists.c.o   -c /home/kkraman/rio_ws/build/tf2_geometry_msgs/CMakeFiles/CMakeTmp/CheckSymbolExists.c
Linking C executable cmTC_f9ca2
/usr/bin/cmake -E cmake_link_script CMakeFiles/cmTC_f9ca2.dir/link.txt --verbose=1
/usr/bin/cc      -rdynamic CMakeFiles/cmTC_f9ca2.dir/CheckSymbolExists.c.o  -o cmTC_f9ca2 
CMakeFiles/cmTC_f9ca2.dir/CheckSymbolExists.c.o: In function `main':
CheckSymbolExists.c:(.text+0x1b): undefined reference to `pthread_create'
collect2: error: ld returned 1 exit status
CMakeFiles/cmTC_f9ca2.dir/build.make:97: recipe for target 'cmTC_f9ca2' failed
make[1]: *** [cmTC_f9ca2] Error 1
make[1]: Leaving directory '/home/kkraman/rio_ws/build/tf2_geometry_msgs/CMakeFiles/CMakeTmp'
Makefile:126: recipe for target 'cmTC_f9ca2/fast' failed
make: *** [cmTC_f9ca2/fast] Error 2

File /home/kkraman/rio_ws/build/tf2_geometry_msgs/CMakeFiles/CMakeTmp/CheckSymbolExists.c:
/* */
#include <pthread.h>

int main(int argc, char** argv)
{
  (void)argv;
#ifndef pthread_create
  return ((int*)(&pthread_create))[argc];
#else
  (void)argc;
  return 0;
#endif
}

Determining if the function pthread_create exists in the pthreads failed with the following output:
Change Dir: /home/kkraman/rio_ws/build/tf2_geometry_msgs/CMakeFiles/CMakeTmp

Run Build Command:"/usr/bin/make" "cmTC_2dafc/fast"
/usr/bin/make -f CMakeFiles/cmTC_2dafc.dir/build.make CMakeFiles/cmTC_2dafc.dir/build
make[1]: Entering directory '/home/kkraman/rio_ws/build/tf2_geometry_msgs/CMakeFiles/CMakeTmp'
Building C object CMakeFiles/cmTC_2dafc.dir/CheckFunctionExists.c.o
/usr/bin/cc   -DCHECK_FUNCTION_EXISTS=pthread_create   -o CMakeFiles/cmTC_2dafc.dir/CheckFunctionExists.c.o   -c /usr/share/cmake-3.10/Modules/CheckFunctionExists.c
Linking C executable cmTC_2dafc
/usr/bin/cmake -E cmake_link_script CMakeFiles/cmTC_2dafc.dir/link.txt --verbose=1
/usr/bin/cc  -DCHECK_FUNCTION_EXISTS=pthread_create    -rdynamic CMakeFiles/cmTC_2dafc.dir/CheckFunctionExists.c.o  -o cmTC_2dafc -lpthreads 
/usr/bin/ld: cannot find -lpthreads
collect2: error: ld returned 1 exit status
CMakeFiles/cmTC_2dafc.dir/build.make:97: recipe for target 'cmTC_2dafc' failed
make[1]: *** [cmTC_2dafc] Error 1
make[1]: Leaving directory '/home/kkraman/rio_ws/build/tf2_geometry_msgs/CMakeFiles/CMakeTmp'
Makefile:126: recipe for target 'cmTC_2dafc/fast' failed
make: *** [cmTC_2dafc/fast] Error 2


