Determining if the pthread_create exist failed with the following output:
Change Dir: /home/kkraman/rio_ws/build/fake_localization/CMakeFiles/CMakeTmp

Run Build Command:"/usr/bin/make" "cmTC_d9aff/fast"
/usr/bin/make -f CMakeFiles/cmTC_d9aff.dir/build.make CMakeFiles/cmTC_d9aff.dir/build
make[1]: Entering directory '/home/kkraman/rio_ws/build/fake_localization/CMakeFiles/CMakeTmp'
Building C object CMakeFiles/cmTC_d9aff.dir/CheckSymbolExists.c.o
/usr/bin/cc    -o CMakeFiles/cmTC_d9aff.dir/CheckSymbolExists.c.o   -c /home/kkraman/rio_ws/build/fake_localization/CMakeFiles/CMakeTmp/CheckSymbolExists.c
Linking C executable cmTC_d9aff
/usr/bin/cmake -E cmake_link_script CMakeFiles/cmTC_d9aff.dir/link.txt --verbose=1
/usr/bin/cc      -rdynamic CMakeFiles/cmTC_d9aff.dir/CheckSymbolExists.c.o  -o cmTC_d9aff 
CMakeFiles/cmTC_d9aff.dir/CheckSymbolExists.c.o: In function `main':
CheckSymbolExists.c:(.text+0x1b): undefined reference to `pthread_create'
collect2: error: ld returned 1 exit status
CMakeFiles/cmTC_d9aff.dir/build.make:97: recipe for target 'cmTC_d9aff' failed
make[1]: *** [cmTC_d9aff] Error 1
make[1]: Leaving directory '/home/kkraman/rio_ws/build/fake_localization/CMakeFiles/CMakeTmp'
Makefile:126: recipe for target 'cmTC_d9aff/fast' failed
make: *** [cmTC_d9aff/fast] Error 2

File /home/kkraman/rio_ws/build/fake_localization/CMakeFiles/CMakeTmp/CheckSymbolExists.c:
/* */
#include <pthread.h>

int main(int argc, char** argv)
{
  (void)argv;
#ifndef pthread_create
  return ((int*)(&pthread_create))[argc];
#else
  (void)argc;
  return 0;
#endif
}

Determining if the function pthread_create exists in the pthreads failed with the following output:
Change Dir: /home/kkraman/rio_ws/build/fake_localization/CMakeFiles/CMakeTmp

Run Build Command:"/usr/bin/make" "cmTC_4c010/fast"
/usr/bin/make -f CMakeFiles/cmTC_4c010.dir/build.make CMakeFiles/cmTC_4c010.dir/build
make[1]: Entering directory '/home/kkraman/rio_ws/build/fake_localization/CMakeFiles/CMakeTmp'
Building C object CMakeFiles/cmTC_4c010.dir/CheckFunctionExists.c.o
/usr/bin/cc   -DCHECK_FUNCTION_EXISTS=pthread_create   -o CMakeFiles/cmTC_4c010.dir/CheckFunctionExists.c.o   -c /usr/share/cmake-3.10/Modules/CheckFunctionExists.c
Linking C executable cmTC_4c010
/usr/bin/cmake -E cmake_link_script CMakeFiles/cmTC_4c010.dir/link.txt --verbose=1
/usr/bin/cc  -DCHECK_FUNCTION_EXISTS=pthread_create    -rdynamic CMakeFiles/cmTC_4c010.dir/CheckFunctionExists.c.o  -o cmTC_4c010 -lpthreads 
/usr/bin/ld: cannot find -lpthreads
collect2: error: ld returned 1 exit status
CMakeFiles/cmTC_4c010.dir/build.make:97: recipe for target 'cmTC_4c010' failed
make[1]: *** [cmTC_4c010] Error 1
make[1]: Leaving directory '/home/kkraman/rio_ws/build/fake_localization/CMakeFiles/CMakeTmp'
Makefile:126: recipe for target 'cmTC_4c010/fast' failed
make: *** [cmTC_4c010/fast] Error 2


