[  2%] Built target image_pub_sub_cpp
[  5%] Built target open_copy_cpp
[  8%] Built target read_video_cpp
[ 11%] Built target utility_lib
[ 11%] Built target geometry_msgs_generate_messages_py
[ 11%] Built target rosgraph_msgs_generate_messages_nodejs
[ 11%] Built target rosgraph_msgs_generate_messages_py
[ 11%] Built target std_msgs_generate_messages_eus
[ 11%] Built target rosgraph_msgs_generate_messages_lisp
[ 11%] Built target rosgraph_msgs_generate_messages_eus
[ 11%] Built target actionlib_msgs_generate_messages_cpp
[ 11%] Built target rosgraph_msgs_generate_messages_cpp
[ 11%] Built target roscpp_generate_messages_py
[ 11%] Built target std_msgs_generate_messages_py
[ 11%] Built target geometry_msgs_generate_messages_eus
[ 11%] Built target roscpp_generate_messages_nodejs
[ 11%] Built target roscpp_generate_messages_eus
[ 11%] Built target roscpp_generate_messages_lisp
[ 11%] Built target actionlib_msgs_generate_messages_nodejs
[ 11%] Built target std_msgs_generate_messages_cpp
[ 11%] Built target geometry_msgs_generate_messages_nodejs
[ 11%] Built target sensor_msgs_generate_messages_py
[ 11%] Built target std_msgs_generate_messages_lisp
[ 11%] Built target sensor_msgs_generate_messages_cpp
[ 11%] Built target sensor_msgs_generate_messages_eus
[ 11%] Built target std_msgs_generate_messages_nodejs
[ 11%] Built target actionlib_msgs_generate_messages_eus
[ 11%] Built target actionlib_msgs_generate_messages_lisp
[ 11%] Built target sensor_msgs_generate_messages_lisp
[ 11%] Built target actionlib_msgs_generate_messages_py
[ 11%] Built target roscpp_generate_messages_cpp
[ 11%] Built target sensor_msgs_generate_messages_nodejs
[ 11%] Built target geometry_msgs_generate_messages_cpp
[ 11%] Built target geometry_msgs_generate_messages_lisp
[ 14%] Built target listener_node
[ 14%] Built target _ros_essentials_cpp_generate_messages_check_deps_FibonacciGoal
[ 14%] Built target _ros_essentials_cpp_generate_messages_check_deps_FibonacciResult
[ 14%] Built target _ros_essentials_cpp_generate_messages_check_deps_FibonacciActionFeedback
[ 14%] Built target _ros_essentials_cpp_generate_messages_check_deps_FibonacciFeedback
[ 14%] Built target _ros_essentials_cpp_generate_messages_check_deps_FibonacciActionGoal
[ 14%] Built target _ros_essentials_cpp_generate_messages_check_deps_AddTwoInts
[ 14%] Built target _ros_essentials_cpp_generate_messages_check_deps_FibonacciAction
[ 14%] Built target _ros_essentials_cpp_generate_messages_check_deps_FibonacciActionResult
[ 14%] Built target _ros_essentials_cpp_generate_messages_check_deps_IoTSensor
[ 17%] Built target talker_node
[ 20%] Built target turtlesim_clean_node
[ 22%] Built target laserscan_lib
[ 35%] Built target ros_essentials_cpp_generate_messages_cpp
[ 48%] Built target ros_essentials_cpp_generate_messages_lisp
[ 62%] Built target ros_essentials_cpp_generate_messages_eus
[ 75%] Built target ros_essentials_cpp_generate_messages_nodejs
[ 91%] Built target ros_essentials_cpp_generate_messages_py
[ 91%] Built target ros_essentials_cpp_gencpp
[ 91%] Built target ros_essentials_cpp_generate_messages
[ 94%] Built target scan_subscriber_cpp
[ 97%] Built target add_two_ints_server
[100%] Built target add_two_ints_client
