[  1%] Built target test_ros_robot_localization_listener_publisher
[  5%] Built target filter_utilities
[  5%] Built target _robot_localization_generate_messages_check_deps_FromLL
[  5%] Built target _robot_localization_generate_messages_check_deps_GetState
[  5%] Built target geometry_msgs_generate_messages_cpp
[  5%] Built target geographic_msgs_generate_messages_cpp
[  5%] Built target std_msgs_generate_messages_cpp
[  5%] Built target _robot_localization_generate_messages_check_deps_ToLL
[  5%] Built target _robot_localization_generate_messages_check_deps_SetPose
[  5%] Built target _robot_localization_generate_messages_check_deps_SetDatum
[  5%] Built target _robot_localization_generate_messages_check_deps_ToggleFilterProcessing
[  5%] Built target _robot_localization_generate_messages_check_deps_SetUTMZone
[  5%] Built target geographic_msgs_generate_messages_nodejs
[  8%] Built target ros_filter_utilities
[  8%] Built target geometry_msgs_generate_messages_nodejs
[  8%] Built target std_msgs_generate_messages_nodejs
[  8%] Built target std_msgs_generate_messages_eus
[  8%] Built target geometry_msgs_generate_messages_eus
[  8%] Built target geographic_msgs_generate_messages_eus
[  8%] Built target geographic_msgs_generate_messages_lisp
[  8%] Built target std_msgs_generate_messages_lisp
[  8%] Built target geometry_msgs_generate_messages_lisp
[  8%] Built target geographic_msgs_generate_messages_py
[  8%] Built target std_msgs_generate_messages_py
[  8%] Built target geometry_msgs_generate_messages_py
[ 18%] Built target robot_localization_generate_messages_cpp
[ 28%] Built target robot_localization_generate_messages_nodejs
[ 40%] Built target robot_localization_generate_messages_eus
[ 50%] Built target robot_localization_generate_messages_lisp
[ 61%] Built target robot_localization_generate_messages_py
[ 61%] Built target robot_localization_gencpp
[ 61%] Built target robot_localization_generate_messages
[ 63%] Built target filter_base
[ 65%] Built target navsat_transform
[ 66%] Built target ekf
[ 70%] Built target ukf
[ 73%] Built target navsat_transform_nodelet
[ 76%] Built target navsat_transform_node
[ 78%] Built target robot_localization_estimator
[ 80%] Built target ros_filter
[ 83%] Built target ros_robot_localization_listener
[ 86%] Built target ekf_localization_nodelet
[ 90%] Built target ekf_localization_node
[ 93%] Built target ukf_localization_node
[ 96%] Built target robot_localization_listener_node
[100%] Built target ukf_localization_nodelet
