Linked: (/home/kkraman/rio_ws/devel/.private/base_local_planner/share/base_local_planner/cmake/base_local_plannerConfig-version.cmake, /home/kkraman/rio_ws/devel/share/base_local_planner/cmake/base_local_plannerConfig-version.cmake)
Linked: (/home/kkraman/rio_ws/devel/.private/base_local_planner/share/base_local_planner/cmake/base_local_planner-msg-extras.cmake, /home/kkraman/rio_ws/devel/share/base_local_planner/cmake/base_local_planner-msg-extras.cmake)
Linked: (/home/kkraman/rio_ws/devel/.private/base_local_planner/share/base_local_planner/cmake/base_local_planner-msg-paths.cmake, /home/kkraman/rio_ws/devel/share/base_local_planner/cmake/base_local_planner-msg-paths.cmake)
Linked: (/home/kkraman/rio_ws/devel/.private/base_local_planner/share/base_local_planner/cmake/base_local_plannerConfig.cmake, /home/kkraman/rio_ws/devel/share/base_local_planner/cmake/base_local_plannerConfig.cmake)
Linked: (/home/kkraman/rio_ws/devel/.private/base_local_planner/share/base_local_planner/docs/BaseLocalPlannerConfig.wikidoc, /home/kkraman/rio_ws/devel/share/base_local_planner/docs/BaseLocalPlannerConfig.wikidoc)
Linked: (/home/kkraman/rio_ws/devel/.private/base_local_planner/share/base_local_planner/docs/BaseLocalPlannerConfig-usage.dox, /home/kkraman/rio_ws/devel/share/base_local_planner/docs/BaseLocalPlannerConfig-usage.dox)
Linked: (/home/kkraman/rio_ws/devel/.private/base_local_planner/share/base_local_planner/docs/BaseLocalPlannerConfig.dox, /home/kkraman/rio_ws/devel/share/base_local_planner/docs/BaseLocalPlannerConfig.dox)
Linked: (/home/kkraman/rio_ws/devel/.private/base_local_planner/share/gennodejs/ros/base_local_planner/_index.js, /home/kkraman/rio_ws/devel/share/gennodejs/ros/base_local_planner/_index.js)
Linked: (/home/kkraman/rio_ws/devel/.private/base_local_planner/share/gennodejs/ros/base_local_planner/msg/Position2DInt.js, /home/kkraman/rio_ws/devel/share/gennodejs/ros/base_local_planner/msg/Position2DInt.js)
Linked: (/home/kkraman/rio_ws/devel/.private/base_local_planner/share/gennodejs/ros/base_local_planner/msg/_index.js, /home/kkraman/rio_ws/devel/share/gennodejs/ros/base_local_planner/msg/_index.js)
Linked: (/home/kkraman/rio_ws/devel/.private/base_local_planner/share/common-lisp/ros/base_local_planner/msg/Position2DInt.lisp, /home/kkraman/rio_ws/devel/share/common-lisp/ros/base_local_planner/msg/Position2DInt.lisp)
Linked: (/home/kkraman/rio_ws/devel/.private/base_local_planner/share/common-lisp/ros/base_local_planner/msg/_package.lisp, /home/kkraman/rio_ws/devel/share/common-lisp/ros/base_local_planner/msg/_package.lisp)
Linked: (/home/kkraman/rio_ws/devel/.private/base_local_planner/share/common-lisp/ros/base_local_planner/msg/_package_Position2DInt.lisp, /home/kkraman/rio_ws/devel/share/common-lisp/ros/base_local_planner/msg/_package_Position2DInt.lisp)
Linked: (/home/kkraman/rio_ws/devel/.private/base_local_planner/share/common-lisp/ros/base_local_planner/msg/base_local_planner-msg.asd, /home/kkraman/rio_ws/devel/share/common-lisp/ros/base_local_planner/msg/base_local_planner-msg.asd)
Linked: (/home/kkraman/rio_ws/devel/.private/base_local_planner/share/roseus/ros/base_local_planner/manifest.l, /home/kkraman/rio_ws/devel/share/roseus/ros/base_local_planner/manifest.l)
Linked: (/home/kkraman/rio_ws/devel/.private/base_local_planner/share/roseus/ros/base_local_planner/msg/Position2DInt.l, /home/kkraman/rio_ws/devel/share/roseus/ros/base_local_planner/msg/Position2DInt.l)
Linked: (/home/kkraman/rio_ws/devel/.private/base_local_planner/lib/libbase_local_planner.so, /home/kkraman/rio_ws/devel/lib/libbase_local_planner.so)
Linked: (/home/kkraman/rio_ws/devel/.private/base_local_planner/lib/libtrajectory_planner_ros.so, /home/kkraman/rio_ws/devel/lib/libtrajectory_planner_ros.so)
Linked: (/home/kkraman/rio_ws/devel/.private/base_local_planner/lib/base_local_planner/point_grid, /home/kkraman/rio_ws/devel/lib/base_local_planner/point_grid)
Linked: (/home/kkraman/rio_ws/devel/.private/base_local_planner/lib/pkgconfig/base_local_planner.pc, /home/kkraman/rio_ws/devel/lib/pkgconfig/base_local_planner.pc)
Linked: (/home/kkraman/rio_ws/devel/.private/base_local_planner/lib/python2.7/dist-packages/base_local_planner/__init__.py, /home/kkraman/rio_ws/devel/lib/python2.7/dist-packages/base_local_planner/__init__.py)
Linked: (/home/kkraman/rio_ws/devel/.private/base_local_planner/lib/python2.7/dist-packages/base_local_planner/msg/__init__.py, /home/kkraman/rio_ws/devel/lib/python2.7/dist-packages/base_local_planner/msg/__init__.py)
Linked: (/home/kkraman/rio_ws/devel/.private/base_local_planner/lib/python2.7/dist-packages/base_local_planner/msg/_Position2DInt.py, /home/kkraman/rio_ws/devel/lib/python2.7/dist-packages/base_local_planner/msg/_Position2DInt.py)
Linked: (/home/kkraman/rio_ws/devel/.private/base_local_planner/lib/python2.7/dist-packages/base_local_planner/cfg/__init__.py, /home/kkraman/rio_ws/devel/lib/python2.7/dist-packages/base_local_planner/cfg/__init__.py)
Linked: (/home/kkraman/rio_ws/devel/.private/base_local_planner/lib/python2.7/dist-packages/base_local_planner/cfg/BaseLocalPlannerConfig.py, /home/kkraman/rio_ws/devel/lib/python2.7/dist-packages/base_local_planner/cfg/BaseLocalPlannerConfig.py)
Linked: (/home/kkraman/rio_ws/devel/.private/base_local_planner/lib/python2.7/dist-packages/local_planner_limits/__init__.py, /home/kkraman/rio_ws/devel/lib/python2.7/dist-packages/local_planner_limits/__init__.py)
Linked: (/home/kkraman/rio_ws/devel/.private/base_local_planner/include/base_local_planner/BaseLocalPlannerConfig.h, /home/kkraman/rio_ws/devel/include/base_local_planner/BaseLocalPlannerConfig.h)
Linked: (/home/kkraman/rio_ws/devel/.private/base_local_planner/include/base_local_planner/Position2DInt.h, /home/kkraman/rio_ws/devel/include/base_local_planner/Position2DInt.h)
